[11:30:32] [INFO] ========== 场景加载 ==========
[11:30:32] [INFO] 从文件加载场景：tests\test_night.json
[11:30:32] [INFO] 创建冷库0：初始温度 -18.5℃，范围 [-20,-15]，活动：low
[11:30:32] [INFO] 创建冷库1：初始温度 -18.8℃，范围 [-20,-15]，活动：low
[11:30:32] [INFO] 创建冷库2：初始温度 -19.2℃，范围 [-20,-15]，活动：low
[11:30:32] [INFO] 创建冷库3：初始温度 -18.9℃，范围 [-20,-15]，活动：low
[11:30:32] [INFO] 创建冷库4：初始温度 -19.1℃，范围 [-20,-15]，活动：low
[11:30:32] [INFO] 创建压缩机0：累计运行 343h
[11:30:32] [INFO] 创建压缩机1：累计运行 357h
[11:30:32] [INFO] 创建压缩机2：累计运行 321h
[11:30:32] [INFO] 创建压缩机3：累计运行 336h
[11:30:32] [INFO] 创建压缩机4：累计运行 349h
[11:30:32] [INFO] 创建压缩机5：累计运行 361h
[11:30:32] [INFO] 创建压缩机6：累计运行 331h
[11:30:32] [INFO] 创建压缩机7：累计运行 329h
[11:30:32] [INFO] [工具:update_environment] 调用，旧环境：25.0℃, 0.5元；新环境：18.0℃, 0.35元
[11:30:32] [INFO] 环境设置：室外18.0℃，电价0.35元
[11:30:32] [INFO] ========== 场景加载完成 ==========
[11:30:33] [INFO] 
########## 周期 0 开始 ##########
[11:30:33] [INFO] --- 环境更新 ---
[11:30:33] [INFO] 
========================================
CDA 开始任务
========================================
[11:30:33] [INFO] 任务内容：请报告当前环境信息
[11:30:34] [INFO] [思考] 调用工具：read_environment
[11:30:34] [INFO] [行动] 工具参数：{}
[11:30:34] [INFO] [工具:read_environment] 调用
[11:30:34] [INFO] [工具:read_environment] 室外温度：18.0℃，电价：0.35 元/kWh
[11:30:34] [INFO] [观察] 工具返回：室外温度：18.0℃，电价：0.35 元/kWh
[11:30:35] [INFO] 最终输出：当前环境信息如下：

| 参数 | 数值 |
|------|------|
| 🌡️ **室外温度** | **18.0℃** |
| ⚡ **电价** | **0.35 元/kWh** |

目前环境条件较为温和，电价处于较低水平。如果您需要调整环境参数或进行其他操作，请随时告知！
[11:30:35] [INFO] ========================================
CDA 结束任务
========================================
[11:30:35] [INFO] --- 冷库需求提交 ---
[11:30:35] [INFO] 
========================================
CSA-0 开始任务
========================================
[11:30:35] [INFO] 任务内容：当前时间 12:00，活动程度 low，进出货次数 0。请依次调用 read_room_sensor, predict_disturbance_load, calculate_cooling_demand, submit_cooling_demand。每一步都必须真实调用工具，不要跳过任何工具。
[11:30:36] [INFO] [思考] 调用工具：read_room_sensor
[11:30:36] [INFO] [行动] 工具参数：{"room_id": 0}
[11:30:36] [INFO] [工具:read_room_sensor] 调用，参数 room_id=0
[11:30:36] [INFO] [工具:read_room_sensor] 返回：冷库0：当前温度 -18.50℃，允许范围 [-20,-15]℃
[11:30:36] [INFO] [观察] 工具返回：冷库0：当前温度 -18.50℃，允许范围 [-20,-15]℃
[11:30:38] [INFO] [思考] 调用工具：predict_disturbance_load
[11:30:38] [INFO] [行动] 工具参数：{"room_id": 0, "timestamp": "12:00", "door_openings": 0, "activity": "low"}
[11:30:38] [INFO] [工具:predict_disturbance_load] 调用，room=0, ts=12:00, doors=0, activity=low
[11:30:38] [INFO] [工具:predict_disturbance_load] 扰动预测结果：20.0 kW
[11:30:38] [INFO] [观察] 工具返回：扰动预测结果：20.0 kW
[11:30:40] [INFO] [思考] 调用工具：calculate_cooling_demand
[11:30:40] [INFO] [行动] 工具参数：{"room_id": 0, "disturbance_pred": 20.0}
[11:30:40] [INFO] [工具:calculate_cooling_demand] 调用，room=0, disturbance=20.0
[11:30:40] [INFO] [工具:calculate_cooling_demand] 安全冷量 2.8 kW，经济冷量 2.8 kW
[11:30:40] [INFO] [观察] 工具返回：安全冷量 2.8 kW，经济冷量 2.8 kW
[11:30:46] [INFO] [思考] 调用工具：submit_cooling_demand
[11:30:46] [INFO] [行动] 工具参数：{"room_id": 0, "Q_safe": 2.8, "Q_eco": 2.8, "priority": 0.3, "reasoning": "当前温度-18.5℃，接近下限-20℃（仅差1.5℃），远离上限-15℃（差3.5℃），制冷需求紧迫度较低。扰动预测20.0kW，活动程度低且无进出货，安全冷量与经济冷量均为2.8kW。优先级设为0.3，反映温度处于区间偏下位置。"}
[11:30:46] [INFO] [工具:submit_cooling_demand] 调用，room=0, Q_safe=2.8, Q_eco=2.8, priority=0.3, reason=当前温度-18.5℃，接近下限-20℃（仅差1.5℃），远离上限-15℃（差3.5℃），制冷需求紧迫度较低。扰动预测20.0kW，活动程度低且无进出货，安全冷量与经济冷量均为2.8kW。优先级设为0.3，反映温度处于区间偏下位置。
[11:30:46] [INFO] [工具:submit_cooling_demand] 冷库0需求已记录：安全冷量 2.8 kW，经济冷量 2.8 kW，优先级 0.30
[11:30:46] [INFO] [观察] 工具返回：冷库0需求已记录：安全冷量 2.8 kW，经济冷量 2.8 kW，优先级 0.30
[11:30:48] [INFO] 最终输出：所有步骤已完成！以下是冷库0的完整报告：

---

## 📋 冷库0 制冷需求标书

| 项目 | 数值 |
|------|------|
| **当前温度** | -18.5℃ |
| **允许范围** | [-20, -15]℃ |
| **扰动预测** | 20.0 kW |
| **安全冷量 (Q_safe)** | **2.8 kW** |
| **经济冷量 (Q_eco)** | **2.8 kW** |
| **优先级** | **0.30** |

**优先级说明：** 温度-18.5℃更接近下限-20℃，制冷紧迫度较低，因此优先级设为0.30。
[11:30:48] [INFO] ========================================
CSA-0 结束任务
========================================
[11:30:48] [INFO] 
========================================
CSA-1 开始任务
========================================
[11:30:48] [INFO] 任务内容：当前时间 12:00，活动程度 low，进出货次数 0。请依次调用 read_room_sensor, predict_disturbance_load, calculate_cooling_demand, submit_cooling_demand。每一步都必须真实调用工具，不要跳过任何工具。
[11:30:50] [INFO] [思考] 调用工具：read_room_sensor
[11:30:50] [INFO] [行动] 工具参数：{"room_id": 1}
[11:30:50] [INFO] [工具:read_room_sensor] 调用，参数 room_id=1
[11:30:50] [INFO] [工具:read_room_sensor] 返回：冷库1：当前温度 -18.80℃，允许范围 [-20,-15]℃
[11:30:50] [INFO] [观察] 工具返回：冷库1：当前温度 -18.80℃，允许范围 [-20,-15]℃
[11:30:51] [INFO] [思考] 调用工具：predict_disturbance_load
[11:30:51] [INFO] [行动] 工具参数：{"room_id": 1, "timestamp": "12:00", "door_openings": 0, "activity": "low"}
[11:30:51] [INFO] [工具:predict_disturbance_load] 调用，room=1, ts=12:00, doors=0, activity=low
[11:30:51] [INFO] [工具:predict_disturbance_load] 扰动预测结果：20.0 kW
[11:30:51] [INFO] [观察] 工具返回：扰动预测结果：20.0 kW
[11:30:53] [INFO] [思考] 调用工具：calculate_cooling_demand
[11:30:53] [INFO] [行动] 工具参数：{"room_id": 1, "disturbance_pred": 20.0}
[11:30:53] [INFO] [工具:calculate_cooling_demand] 调用，room=1, disturbance=20.0
[11:30:53] [INFO] [工具:calculate_cooling_demand] 安全冷量 0.0 kW，经济冷量 0.0 kW
[11:30:53] [INFO] [观察] 工具返回：安全冷量 0.0 kW，经济冷量 0.0 kW
[11:30:59] [INFO] [思考] 调用工具：submit_cooling_demand
[11:30:59] [INFO] [行动] 工具参数：{"room_id": 1, "Q_safe": 0.0, "Q_eco": 0.0, "priority": 0.2, "reasoning": "当前温度-18.80℃，接近下限-20℃，且活动程度低、无进出货，扰动仅20kW。温度处于安全区间内，无需额外制冷，安全冷量和经济冷量均为0。优先级设为0.2（温度靠近下限，需求低）。"}
[11:30:59] [INFO] [工具:submit_cooling_demand] 调用，room=1, Q_safe=0.0, Q_eco=0.0, priority=0.2, reason=当前温度-18.80℃，接近下限-20℃，且活动程度低、无进出货，扰动仅20kW。温度处于安全区间内，无需额外制冷，安全冷量和经济冷量均为0。优先级设为0.2（温度靠近下限，需求低）。
[11:30:59] [INFO] [工具:submit_cooling_demand] 冷库1需求已记录：安全冷量 0.0 kW，经济冷量 0.0 kW，优先级 0.20
[11:30:59] [INFO] [观察] 工具返回：冷库1需求已记录：安全冷量 0.0 kW，经济冷量 0.0 kW，优先级 0.20
[11:31:02] [INFO] 最终输出：所有步骤已完成！以下是冷库1的完整报告：

---

## 📋 冷库1 制冷需求报告

| 项目 | 数值 |
|------|------|
| **当前温度** | -18.80℃ |
| **允许范围** | [-20, -15]℃ |
| **预测扰动** | 20.0 kW |
| **安全冷量 (Q_safe)** | 0.0 kW |
| **经济冷量 (Q_eco)** | 0.0 kW |
| **优先级** | **0.20** |

**分析说明：**
- 当前温度 -18.80℃ 非常接近下限 -20℃，处于安全区间内
- 活动程度低、无进出货，热扰动较小
- 无需额外制冷，因此安全冷量和经济冷量均为 0
- 优先级 0.20（温度靠近下限，需求紧迫度低）
[11:31:02] [INFO] ========================================
CSA-1 结束任务
========================================
[11:31:02] [INFO] 
========================================
CSA-2 开始任务
========================================
[11:31:02] [INFO] 任务内容：当前时间 12:00，活动程度 low，进出货次数 0。请依次调用 read_room_sensor, predict_disturbance_load, calculate_cooling_demand, submit_cooling_demand。每一步都必须真实调用工具，不要跳过任何工具。
[11:31:03] [INFO] [思考] 调用工具：read_room_sensor
[11:31:03] [INFO] [行动] 工具参数：{"room_id": 2}
[11:31:03] [INFO] [工具:read_room_sensor] 调用，参数 room_id=2
[11:31:03] [INFO] [工具:read_room_sensor] 返回：冷库2：当前温度 -19.20℃，允许范围 [-20,-15]℃
[11:31:03] [INFO] [观察] 工具返回：冷库2：当前温度 -19.20℃，允许范围 [-20,-15]℃
[11:31:05] [INFO] [思考] 调用工具：predict_disturbance_load
[11:31:05] [INFO] [行动] 工具参数：{"room_id": 2, "timestamp": "12:00", "door_openings": 0, "activity": "low"}
[11:31:05] [INFO] [工具:predict_disturbance_load] 调用，room=2, ts=12:00, doors=0, activity=low
[11:31:05] [INFO] [工具:predict_disturbance_load] 扰动预测结果：20.0 kW
[11:31:05] [INFO] [观察] 工具返回：扰动预测结果：20.0 kW
[11:31:06] [INFO] [思考] 调用工具：calculate_cooling_demand
[11:31:06] [INFO] [行动] 工具参数：{"room_id": 2, "disturbance_pred": 20.0}
[11:31:06] [INFO] [工具:calculate_cooling_demand] 调用，room=2, disturbance=20.0
[11:31:06] [INFO] [工具:calculate_cooling_demand] 安全冷量 0.0 kW，经济冷量 0.0 kW
[11:31:06] [INFO] [观察] 工具返回：安全冷量 0.0 kW，经济冷量 0.0 kW
[11:31:11] [INFO] [思考] 调用工具：submit_cooling_demand
[11:31:11] [INFO] [行动] 工具参数：{"room_id": 2, "Q_safe": 0.0, "Q_eco": 0.0, "priority": 0.15, "reasoning": "当前温度-19.20℃，接近下限-20℃，距离上限-15℃较远，无需额外制冷。活动程度低且无进出货，扰动仅20kW，安全冷量和经济冷量均为0。优先级设为0.15（低优先级）。"}
[11:31:11] [INFO] [工具:submit_cooling_demand] 调用，room=2, Q_safe=0.0, Q_eco=0.0, priority=0.15, reason=当前温度-19.20℃，接近下限-20℃，距离上限-15℃较远，无需额外制冷。活动程度低且无进出货，扰动仅20kW，安全冷量和经济冷量均为0。优先级设为0.15（低优先级）。
[11:31:11] [INFO] [工具:submit_cooling_demand] 冷库2需求已记录：安全冷量 0.0 kW，经济冷量 0.0 kW，优先级 0.15
[11:31:11] [INFO] [观察] 工具返回：冷库2需求已记录：安全冷量 0.0 kW，经济冷量 0.0 kW，优先级 0.15
[11:31:13] [INFO] 最终输出：## 任务完成 ✅

以下是冷库2的完整报告：

| 步骤 | 内容 | 结果 |
|------|------|------|
| 📡 **读取温度** | 当前温度 | **-19.20℃**（允许范围 -20 ~ -15℃） |
| 🔮 **预测扰动** | 未来15分钟热扰动 | **20.0 kW** |
| ❄️ **计算冷量** | 安全冷量 / 经济冷量 | **0.0 kW / 0.0 kW** |
| 📋 **提交标书** | 优先级 | **0.15**（低优先级） |

**说明：** 当前温度 -19.20℃ 已非常接近下限 -20℃，且活动程度低、无进出货，无需额外制冷，因此提交了低优先级的零冷量需求标书。
[11:31:13] [INFO] ========================================
CSA-2 结束任务
========================================
[11:31:13] [INFO] 
========================================
CSA-3 开始任务
========================================
[11:31:13] [INFO] 任务内容：当前时间 12:00，活动程度 low，进出货次数 0。请依次调用 read_room_sensor, predict_disturbance_load, calculate_cooling_demand, submit_cooling_demand。每一步都必须真实调用工具，不要跳过任何工具。
[11:31:14] [INFO] [思考] 调用工具：read_room_sensor
[11:31:14] [INFO] [行动] 工具参数：{"room_id": 3}
[11:31:14] [INFO] [工具:read_room_sensor] 调用，参数 room_id=3
[11:31:14] [INFO] [工具:read_room_sensor] 返回：冷库3：当前温度 -18.90℃，允许范围 [-20,-15]℃
[11:31:14] [INFO] [观察] 工具返回：冷库3：当前温度 -18.90℃，允许范围 [-20,-15]℃
[11:31:16] [INFO] [思考] 调用工具：predict_disturbance_load
[11:31:16] [INFO] [行动] 工具参数：{"room_id": 3, "timestamp": "12:00", "door_openings": 0, "activity": "low"}
[11:31:16] [INFO] [工具:predict_disturbance_load] 调用，room=3, ts=12:00, doors=0, activity=low
[11:31:16] [INFO] [工具:predict_disturbance_load] 扰动预测结果：20.0 kW
[11:31:16] [INFO] [观察] 工具返回：扰动预测结果：20.0 kW
[11:31:17] [INFO] [思考] 调用工具：calculate_cooling_demand
[11:31:17] [INFO] [行动] 工具参数：{"room_id": 3, "disturbance_pred": 20.0}
[11:31:17] [INFO] [工具:calculate_cooling_demand] 调用，room=3, disturbance=20.0
[11:31:17] [INFO] [工具:calculate_cooling_demand] 安全冷量 0.0 kW，经济冷量 0.0 kW
[11:31:17] [INFO] [观察] 工具返回：安全冷量 0.0 kW，经济冷量 0.0 kW
[11:31:21] [INFO] [思考] 调用工具：submit_cooling_demand
[11:31:21] [INFO] [行动] 工具参数：{"room_id": 3, "Q_safe": 0.0, "Q_eco": 0.0, "priority": 0.1, "reasoning": "当前温度-18.9℃，接近下限-20℃，远低于上限-15℃，无需额外制冷。扰动预测20.0kW，但安全冷量和经济冷量均为0.0kW，说明当前温度已足够低，环境得热可被自然抵消。优先级设为0.1（低优先级）。"}
[11:31:21] [INFO] [工具:submit_cooling_demand] 调用，room=3, Q_safe=0.0, Q_eco=0.0, priority=0.1, reason=当前温度-18.9℃，接近下限-20℃，远低于上限-15℃，无需额外制冷。扰动预测20.0kW，但安全冷量和经济冷量均为0.0kW，说明当前温度已足够低，环境得热可被自然抵消。优先级设为0.1（低优先级）。
[11:31:21] [INFO] [工具:submit_cooling_demand] 冷库3需求已记录：安全冷量 0.0 kW，经济冷量 0.0 kW，优先级 0.10
[11:31:21] [INFO] [观察] 工具返回：冷库3需求已记录：安全冷量 0.0 kW，经济冷量 0.0 kW，优先级 0.10
[11:31:23] [INFO] 最终输出：所有步骤已完成！以下是冷库3的完整报告：

---

## 📋 冷库3 制冷需求报告

| 步骤 | 结果 |
|------|------|
| **① 读取温度** | 当前温度 **-18.9℃**，允许范围 [-20, -15]℃ |
| **② 预测扰动** | 未来15分钟热扰动：**20.0 kW**（活动低、无进出货） |
| **③ 计算冷量** | 安全冷量 **0.0 kW**，经济冷量 **0.0 kW** |
| **④ 提交标书** | ✅ 已提交，优先级 **0.10** |

**优先级说明**：温度 -18.9℃ 非常接近下限 -20℃，远低于上限 -15℃，无需额外制冷，因此优先级设为 0.1（低优先级）。
[11:31:23] [INFO] ========================================
CSA-3 结束任务
========================================
[11:31:23] [INFO] 
========================================
CSA-4 开始任务
========================================
[11:31:23] [INFO] 任务内容：当前时间 12:00，活动程度 low，进出货次数 0。请依次调用 read_room_sensor, predict_disturbance_load, calculate_cooling_demand, submit_cooling_demand。每一步都必须真实调用工具，不要跳过任何工具。
[11:31:25] [INFO] [思考] 调用工具：read_room_sensor
[11:31:25] [INFO] [行动] 工具参数：{"room_id": 4}
[11:31:25] [INFO] [工具:read_room_sensor] 调用，参数 room_id=4
[11:31:25] [INFO] [工具:read_room_sensor] 返回：冷库4：当前温度 -19.10℃，允许范围 [-20,-15]℃
[11:31:25] [INFO] [观察] 工具返回：冷库4：当前温度 -19.10℃，允许范围 [-20,-15]℃
[11:31:26] [INFO] [思考] 调用工具：predict_disturbance_load
[11:31:26] [INFO] [行动] 工具参数：{"room_id": 4, "timestamp": "12:00", "door_openings": 0, "activity": "low"}
[11:31:26] [INFO] [工具:predict_disturbance_load] 调用，room=4, ts=12:00, doors=0, activity=low
[11:31:26] [INFO] [工具:predict_disturbance_load] 扰动预测结果：20.0 kW
[11:31:26] [INFO] [观察] 工具返回：扰动预测结果：20.0 kW
[11:31:28] [INFO] [思考] 调用工具：calculate_cooling_demand
[11:31:28] [INFO] [行动] 工具参数：{"room_id": 4, "disturbance_pred": 20.0}
[11:31:28] [INFO] [工具:calculate_cooling_demand] 调用，room=4, disturbance=20.0
[11:31:28] [INFO] [工具:calculate_cooling_demand] 安全冷量 0.0 kW，经济冷量 0.0 kW
[11:31:28] [INFO] [观察] 工具返回：安全冷量 0.0 kW，经济冷量 0.0 kW
[11:31:33] [INFO] [思考] 调用工具：submit_cooling_demand
[11:31:33] [INFO] [行动] 工具参数：{"room_id": 4, "Q_safe": 0.0, "Q_eco": 0.0, "priority": 0.18, "reasoning": "当前温度-19.10℃，接近下限-20℃，距离上限-15℃较远（差4.10℃），温度处于安全低位。活动程度低且无进出货，扰动预测仅20.0kW。安全冷量和经济冷量均为0，无需额外制冷。优先级设为0.18（较低）。"}
[11:31:33] [INFO] [工具:submit_cooling_demand] 调用，room=4, Q_safe=0.0, Q_eco=0.0, priority=0.18, reason=当前温度-19.10℃，接近下限-20℃，距离上限-15℃较远（差4.10℃），温度处于安全低位。活动程度低且无进出货，扰动预测仅20.0kW。安全冷量和经济冷量均为0，无需额外制冷。优先级设为0.18（较低）。
[11:31:33] [INFO] [工具:submit_cooling_demand] 冷库4需求已记录：安全冷量 0.0 kW，经济冷量 0.0 kW，优先级 0.18
[11:31:33] [INFO] [观察] 工具返回：冷库4需求已记录：安全冷量 0.0 kW，经济冷量 0.0 kW，优先级 0.18
[11:31:36] [INFO] 最终输出：**任务完成！** 以下是冷库4的完整报告：

---

## 📋 冷库4 制冷需求标书

| 项目 | 数值 |
|------|------|
| **当前温度** | -19.10℃ |
| **允许范围** | [-20, -15]℃ |
| **扰动预测** | 20.0 kW |
| **安全冷量 (Q_safe)** | 0.0 kW |
| **经济冷量 (Q_eco)** | 0.0 kW |
| **优先级** | **0.18** |

**说明：** 当前温度-19.10℃非常接近下限-20℃，处于安全低温区，且活动程度低、无进出货，扰动较小。因此无需额外制冷，优先级较低（0.18），可将制冷资源让给更需要的高优先级冷库。
[11:31:36] [INFO] ========================================
CSA-4 结束任务
========================================
[11:31:36] [INFO] --- 压缩机调度 ---
[11:31:36] [INFO] 
========================================
CCA 开始任务
========================================
[11:31:36] [INFO] 任务内容：请读取压缩机状态，并根据当前所有冷库需求求解最优调度方案并下发。
[11:31:37] [INFO] [思考] 调用工具：read_compressor_status
[11:31:37] [INFO] [行动] 工具参数：{}
[11:31:37] [INFO] [工具:read_compressor_status] 调用
[11:31:37] [INFO] [工具:read_compressor_status] 返回：压缩机0：停机，负荷率0.00，累计运行343.0h；压缩机1：停机，负荷率0.00，累计运行357.0h；压缩机2：停机，负荷率0.00，累计运行321.0h；压缩机3：停机，负荷率0.00，累计运行336.0h；压缩机4：停机，负荷率0.00，累计运行349.0h；压缩机5：停机，负荷率0.00，累计运行361.0h；压缩机6：停机，负荷率0.00，累计运行331.0h；压缩机7：停机，负荷率0.00，累计运行329.0h
[11:31:37] [INFO] [观察] 工具返回：压缩机0：停机，负荷率0.00，累计运行343.0h；压缩机1：停机，负荷率0.00，累计运行357.0h；压缩机2：停机，负荷率0.00，累计运行321.0h；压缩机3：停机，负荷率0.00，累计运行336.0h；压缩机4：停机，负荷率0.00，累计运行349.0h；压缩机5：停机，负荷率0.00，累计运行361.0h；压缩机6：停机，负荷率0.00，累计运行331.0h；压缩机7：停机，负荷率0.00，累计运行329.0h
[11:31:40] [INFO] 最终输出：好的，目前所有8台压缩机均处于停机状态。它们的累计运行时长如下：

| 压缩机 | 累计运行时长 |
|--------|------------|
| 压缩机0 | 343.0h |
| 压缩机1 | 357.0h |
| 压缩机2 | 321.0h |
| 压缩机3 | 336.0h |
| 压缩机4 | 349.0h |
| 压缩机5 | 361.0h |
| 压缩机6 | 331.0h |
| 压缩机7 | 329.0h |

不过，在求解调度方案之前，我需要先确认一下——**请问当前有哪些冷库提交了需求？** 比如每个冷库需要的制冷量或负荷是多少？请提供冷库需求信息，这样我才能结合压缩机状态求解最优调度方案。
[11:31:40] [INFO] ========================================
CCA 结束任务
========================================
[11:31:40] [INFO] --- 物理仿真 ---
[11:31:40] [INFO] 冷库0：需求 2.8 kW，实际制冷 0.0 kW，扰动 20.0 kW，温度 -18.50 -> -17.38℃
[11:31:40] [INFO] 冷库1：需求 0.0 kW，实际制冷 0.0 kW，扰动 20.0 kW，温度 -18.80 -> -17.68℃
[11:31:40] [INFO] 冷库2：需求 0.0 kW，实际制冷 0.0 kW，扰动 20.0 kW，温度 -19.20 -> -18.07℃
[11:31:40] [INFO] 冷库3：需求 0.0 kW，实际制冷 0.0 kW，扰动 20.0 kW，温度 -18.90 -> -17.77℃
[11:31:40] [INFO] 冷库4：需求 0.0 kW，实际制冷 0.0 kW，扰动 20.0 kW，温度 -19.10 -> -17.98℃
[11:31:40] [INFO] --- 评估与反馈 ---
[11:31:40] [INFO] ========== 评估开始 ==========
[11:31:40] [INFO] [评估] 冷库0 温度：-17.38℃，合规：True
[11:31:40] [INFO] [评估] 冷库1 温度：-17.68℃，合规：True
[11:31:40] [INFO] [评估] 冷库2 温度：-18.07℃，合规：True
[11:31:40] [INFO] [评估] 冷库3 温度：-17.77℃，合规：True
[11:31:40] [INFO] [评估] 冷库4 温度：-17.98℃，合规：True
[11:31:40] [INFO] [评估] 总能耗：0.00 kWh
[11:31:40] [INFO] [评估] 运行时长标准差：13.20 h，各压缩机时间：[343, 357, 321, 336, 349, 361, 331, 329]
[11:31:40] [INFO] [评估] 需求满足率：0.00 (实际制冷 0.0 kW / 安全需求 2.8 kW)
[11:31:40] [INFO] ========== 评估结束 ==========
[11:31:40] [INFO] [评估反馈] 上一周期评估结果：温度全部达标；总能耗 0.00 kWh；运行时长标准差 13.20 h；需求满足率 0.00。
[11:31:40] [INFO] [记忆注入] 向 CCA 记忆写入评估反馈
[11:31:40] [INFO] ########## 周期 0 结束 ##########

[11:31:40] [INFO] 周期 0 温度合规：True
[11:31:40] [INFO] 
########## 周期 1 开始 ##########
[11:31:40] [INFO] --- 环境更新 ---
[11:31:40] [INFO] 
========================================
CDA 开始任务
========================================
[11:31:40] [INFO] 任务内容：请报告当前环境信息
[11:31:41] [INFO] 最终输出：当前环境信息如下：

| 参数 | 数值 |
|------|------|
| 🌡️ **室外温度** | **18.0℃** |
| ⚡ **电价** | **0.35 元/kWh** |

环境条件保持稳定，温度适中，电价较低。如需进一步操作，请随时告知！
[11:31:41] [INFO] ========================================
CDA 结束任务
========================================
[11:31:41] [INFO] --- 冷库需求提交 ---
[11:31:41] [INFO] 
========================================
CSA-0 开始任务
========================================
[11:31:41] [INFO] 任务内容：当前时间 12:15，活动程度 low，进出货次数 0。请依次调用 read_room_sensor, predict_disturbance_load, calculate_cooling_demand, submit_cooling_demand。每一步都必须真实调用工具，不要跳过任何工具。
[11:31:42] [INFO] [思考] 调用工具：read_room_sensor
[11:31:42] [INFO] [行动] 工具参数：{"room_id": 0}
[11:31:42] [INFO] [工具:read_room_sensor] 调用，参数 room_id=0
[11:31:42] [INFO] [工具:read_room_sensor] 返回：冷库0：当前温度 -17.38℃，允许范围 [-20,-15]℃
[11:31:42] [INFO] [观察] 工具返回：冷库0：当前温度 -17.38℃，允许范围 [-20,-15]℃
[11:31:44] [INFO] [思考] 调用工具：predict_disturbance_load
[11:31:44] [INFO] [行动] 工具参数：{"room_id": 0, "timestamp": "12:15", "door_openings": 0, "activity": "low"}
[11:31:44] [INFO] [工具:predict_disturbance_load] 调用，room=0, ts=12:15, doors=0, activity=low
[11:31:44] [INFO] [工具:predict_disturbance_load] 扰动预测结果：20.0 kW
[11:31:44] [INFO] [观察] 工具返回：扰动预测结果：20.0 kW
[11:31:46] [INFO] [思考] 调用工具：calculate_cooling_demand
[11:31:46] [INFO] [行动] 工具参数：{"room_id": 0, "disturbance_pred": 20.0}
[11:31:46] [INFO] [工具:calculate_cooling_demand] 调用，room=0, disturbance=20.0
[11:31:46] [INFO] [工具:calculate_cooling_demand] 安全冷量 25.0 kW，经济冷量 27.8 kW
[11:31:46] [INFO] [观察] 工具返回：安全冷量 25.0 kW，经济冷量 27.8 kW
[11:31:50] [INFO] [思考] 调用工具：submit_cooling_demand
[11:31:50] [INFO] [行动] 工具参数：{"room_id": 0, "Q_safe": 25.0, "Q_eco": 27.8, "priority": 0.45, "reasoning": "当前温度-17.38℃，处于允许范围[-20,-15]℃的中值-17.5℃附近略低。扰动预测20.0kW，安全冷量25.0kW可维持当前温度，经济冷量27.8kW可在15分钟内将温度调整至中值。优先级0.45（中等偏低），因温度接近中值，制冷紧迫度一般。"}
[11:31:50] [INFO] [工具:submit_cooling_demand] 调用，room=0, Q_safe=25.0, Q_eco=27.8, priority=0.45, reason=当前温度-17.38℃，处于允许范围[-20,-15]℃的中值-17.5℃附近略低。扰动预测20.0kW，安全冷量25.0kW可维持当前温度，经济冷量27.8kW可在15分钟内将温度调整至中值。优先级0.45（中等偏低），因温度接近中值，制冷紧迫度一般。
[11:31:50] [INFO] [工具:submit_cooling_demand] 冷库0需求已记录：安全冷量 25.0 kW，经济冷量 27.8 kW，优先级 0.45
[11:31:50] [INFO] [观察] 工具返回：冷库0需求已记录：安全冷量 25.0 kW，经济冷量 27.8 kW，优先级 0.45
[11:31:51] [INFO] 最终输出：---

## ✅ 冷库0 制冷需求标书（12:15）

| 项目 | 数值 |
|------|------|
| **当前温度** | -17.38℃ |
| **允许范围** | [-20, -15]℃ |
| **扰动预测** | 20.0 kW |
| **安全冷量 (Q_safe)** | **25.0 kW** |
| **经济冷量 (Q_eco)** | **27.8 kW** |
| **优先级** | **0.45** |

**优先级说明：** 温度-17.38℃接近允许范围中值-17.5℃，制冷紧迫度中等偏低，因此优先级设为0.45。
[11:31:51] [INFO] ========================================
CSA-0 结束任务
========================================
[11:31:51] [INFO] 
========================================
CSA-1 开始任务
========================================
[11:31:51] [INFO] 任务内容：当前时间 12:15，活动程度 low，进出货次数 0。请依次调用 read_room_sensor, predict_disturbance_load, calculate_cooling_demand, submit_cooling_demand。每一步都必须真实调用工具，不要跳过任何工具。
[11:31:53] [INFO] [思考] 调用工具：read_room_sensor
[11:31:53] [INFO] [行动] 工具参数：{"room_id": 1}
[11:31:53] [INFO] [工具:read_room_sensor] 调用，参数 room_id=1
[11:31:53] [INFO] [工具:read_room_sensor] 返回：冷库1：当前温度 -17.68℃，允许范围 [-20,-15]℃
[11:31:53] [INFO] [观察] 工具返回：冷库1：当前温度 -17.68℃，允许范围 [-20,-15]℃
[11:31:55] [INFO] [思考] 调用工具：predict_disturbance_load
[11:31:55] [INFO] [行动] 工具参数：{"room_id": 1, "timestamp": "12:15", "door_openings": 0, "activity": "low"}
[11:31:55] [INFO] [工具:predict_disturbance_load] 调用，room=1, ts=12:15, doors=0, activity=low
[11:31:55] [INFO] [工具:predict_disturbance_load] 扰动预测结果：20.0 kW
[11:31:55] [INFO] [观察] 工具返回：扰动预测结果：20.0 kW
[11:31:56] [INFO] [思考] 调用工具：calculate_cooling_demand
[11:31:56] [INFO] [行动] 工具参数：{"room_id": 1, "disturbance_pred": 20.0}
[11:31:56] [INFO] [工具:calculate_cooling_demand] 调用，room=1, disturbance=20.0
[11:31:56] [INFO] [工具:calculate_cooling_demand] 安全冷量 21.1 kW，经济冷量 21.1 kW
[11:31:56] [INFO] [观察] 工具返回：安全冷量 21.1 kW，经济冷量 21.1 kW
[11:31:59] [INFO] [思考] 调用工具：submit_cooling_demand
[11:31:59] [INFO] [行动] 工具参数：{"room_id": 1, "Q_safe": 21.1, "Q_eco": 21.1, "priority": 0.45, "reasoning": "当前温度-17.68℃，处于允许范围[-20,-15]℃中值附近。活动程度低、无进出货，预测扰动20.0kW。安全冷量与经济冷量均为21.1kW，足以抵消扰动并维持温度稳定。优先级0.45（温度居中，需求适中）。"}
[11:31:59] [INFO] [工具:submit_cooling_demand] 调用，room=1, Q_safe=21.1, Q_eco=21.1, priority=0.45, reason=当前温度-17.68℃，处于允许范围[-20,-15]℃中值附近。活动程度低、无进出货，预测扰动20.0kW。安全冷量与经济冷量均为21.1kW，足以抵消扰动并维持温度稳定。优先级0.45（温度居中，需求适中）。
[11:31:59] [INFO] [工具:submit_cooling_demand] 冷库1需求已记录：安全冷量 21.1 kW，经济冷量 21.1 kW，优先级 0.45
[11:31:59] [INFO] [观察] 工具返回：冷库1需求已记录：安全冷量 21.1 kW，经济冷量 21.1 kW，优先级 0.45
[11:32:01] [INFO] 最终输出：---

## ✅ 冷库1 制冷需求报告（12:15）

| 项目 | 数值 |
|------|------|
| **当前温度** | -17.68℃ |
| **允许范围** | [-20, -15]℃ |
| **预测扰动** | 20.0 kW |
| **安全冷量 (Q_safe)** | 21.1 kW |
| **经济冷量 (Q_eco)** | 21.1 kW |
| **优先级** | **0.45** |

**分析说明：**
- 温度 -17.68℃ 处于允许范围中值附近，状态良好
- 活动程度低、无进出货，扰动稳定
- 安全冷量与经济冷量一致（21.1 kW），可有效抵消扰动并维持温度
- 优先级 0.45，需求适中，已成功提交标书 ✅
[11:32:01] [INFO] ========================================
CSA-1 结束任务
========================================
[11:32:01] [INFO] 
========================================
CSA-2 开始任务
========================================
[11:32:01] [INFO] 任务内容：当前时间 12:15，活动程度 low，进出货次数 0。请依次调用 read_room_sensor, predict_disturbance_load, calculate_cooling_demand, submit_cooling_demand。每一步都必须真实调用工具，不要跳过任何工具。
[11:32:02] [INFO] [思考] 调用工具：read_room_sensor
[11:32:02] [INFO] [行动] 工具参数：{"room_id": 2}
[11:32:02] [INFO] [工具:read_room_sensor] 调用，参数 room_id=2
[11:32:02] [INFO] [工具:read_room_sensor] 返回：冷库2：当前温度 -18.07℃，允许范围 [-20,-15]℃
[11:32:02] [INFO] [观察] 工具返回：冷库2：当前温度 -18.07℃，允许范围 [-20,-15]℃
[11:32:04] [INFO] [思考] 调用工具：predict_disturbance_load
[11:32:04] [INFO] [行动] 工具参数：{"room_id": 2, "timestamp": "12:15", "door_openings": 0, "activity": "low"}
[11:32:04] [INFO] [工具:predict_disturbance_load] 调用，room=2, ts=12:15, doors=0, activity=low
[11:32:04] [INFO] [工具:predict_disturbance_load] 扰动预测结果：20.0 kW
[11:32:04] [INFO] [观察] 工具返回：扰动预测结果：20.0 kW
[11:32:06] [INFO] [思考] 调用工具：calculate_cooling_demand
[11:32:06] [INFO] [行动] 工具参数：{"room_id": 2, "disturbance_pred": 20.0}
[11:32:06] [INFO] [工具:calculate_cooling_demand] 调用，room=2, disturbance=20.0
[11:32:06] [INFO] [工具:calculate_cooling_demand] 安全冷量 12.2 kW，经济冷量 12.2 kW
[11:32:06] [INFO] [观察] 工具返回：安全冷量 12.2 kW，经济冷量 12.2 kW
[11:32:11] [INFO] [思考] 调用工具：submit_cooling_demand
[11:32:11] [INFO] [行动] 工具参数：{"room_id": 2, "Q_safe": 12.2, "Q_eco": 12.2, "priority": 0.25, "reasoning": "当前温度-18.07℃，接近下限-20℃（差1.93℃），远离上限-15℃（差3.07℃），温度偏低，制冷需求不紧迫。活动程度低且无进出货，扰动20.0kW，安全冷量和经济冷量均为12.2kW。优先级设为0.25（偏低）。"}
[11:32:11] [INFO] [工具:submit_cooling_demand] 调用，room=2, Q_safe=12.2, Q_eco=12.2, priority=0.25, reason=当前温度-18.07℃，接近下限-20℃（差1.93℃），远离上限-15℃（差3.07℃），温度偏低，制冷需求不紧迫。活动程度低且无进出货，扰动20.0kW，安全冷量和经济冷量均为12.2kW。优先级设为0.25（偏低）。
[11:32:11] [INFO] [工具:submit_cooling_demand] 冷库2需求已记录：安全冷量 12.2 kW，经济冷量 12.2 kW，优先级 0.25
[11:32:11] [INFO] [观察] 工具返回：冷库2需求已记录：安全冷量 12.2 kW，经济冷量 12.2 kW，优先级 0.25
[11:32:13] [INFO] 最终输出：## 任务完成 ✅

以下是冷库2的完整报告：

| 步骤 | 内容 | 结果 |
|------|------|------|
| 📡 **读取温度** | 当前温度 | **-18.07℃**（允许范围 -20 ~ -15℃） |
| 🔮 **预测扰动** | 未来15分钟热扰动 | **20.0 kW** |
| ❄️ **计算冷量** | 安全冷量 / 经济冷量 | **12.2 kW / 12.2 kW** |
| 📋 **提交标书** | 优先级 | **0.25**（偏低） |

**说明：** 当前温度 -18.07℃，更接近下限 -20℃，制冷需求不紧迫，因此提交了低优先级（0.25）的标书，冷量需求为 12.2 kW。
[11:32:13] [INFO] ========================================
CSA-2 结束任务
========================================
[11:32:13] [INFO] 
========================================
CSA-3 开始任务
========================================
[11:32:13] [INFO] 任务内容：当前时间 12:15，活动程度 low，进出货次数 0。请依次调用 read_room_sensor, predict_disturbance_load, calculate_cooling_demand, submit_cooling_demand。每一步都必须真实调用工具，不要跳过任何工具。
[11:32:14] [INFO] [思考] 调用工具：read_room_sensor
[11:32:14] [INFO] [行动] 工具参数：{"room_id": 3}
[11:32:14] [INFO] [工具:read_room_sensor] 调用，参数 room_id=3
[11:32:14] [INFO] [工具:read_room_sensor] 返回：冷库3：当前温度 -17.77℃，允许范围 [-20,-15]℃
[11:32:14] [INFO] [观察] 工具返回：冷库3：当前温度 -17.77℃，允许范围 [-20,-15]℃
[11:32:17] [INFO] [思考] 调用工具：predict_disturbance_load
[11:32:17] [INFO] [行动] 工具参数：{"room_id": 3, "timestamp": "12:15", "door_openings": 0, "activity": "low"}
[11:32:17] [INFO] [工具:predict_disturbance_load] 调用，room=3, ts=12:15, doors=0, activity=low
[11:32:17] [INFO] [工具:predict_disturbance_load] 扰动预测结果：20.0 kW
[11:32:17] [INFO] [观察] 工具返回：扰动预测结果：20.0 kW
[11:32:18] [INFO] [思考] 调用工具：calculate_cooling_demand
[11:32:18] [INFO] [行动] 工具参数：{"room_id": 3, "disturbance_pred": 20.0}
[11:32:18] [INFO] [工具:calculate_cooling_demand] 调用，room=3, disturbance=20.0
[11:32:18] [INFO] [工具:calculate_cooling_demand] 安全冷量 18.9 kW，经济冷量 18.9 kW
[11:32:18] [INFO] [观察] 工具返回：安全冷量 18.9 kW，经济冷量 18.9 kW
[11:32:24] [INFO] [思考] 调用工具：submit_cooling_demand
[11:32:24] [INFO] [行动] 工具参数：{"room_id": 3, "Q_safe": 18.9, "Q_eco": 18.9, "priority": 0.25, "reasoning": "温度-17.77℃，处于[-20,-15]区间偏下位置，距下限2.23℃、距上限2.77℃。活动低、无进出货，扰动20kW。安全冷量=经济冷量=18.9kW，说明当前温度已接近或低于设定中值，无需额外降温。优先级设为0.25（偏低）。"}
[11:32:24] [INFO] [工具:submit_cooling_demand] 调用，room=3, Q_safe=18.9, Q_eco=18.9, priority=0.25, reason=温度-17.77℃，处于[-20,-15]区间偏下位置，距下限2.23℃、距上限2.77℃。活动低、无进出货，扰动20kW。安全冷量=经济冷量=18.9kW，说明当前温度已接近或低于设定中值，无需额外降温。优先级设为0.25（偏低）。
[11:32:24] [INFO] [工具:submit_cooling_demand] 冷库3需求已记录：安全冷量 18.9 kW，经济冷量 18.9 kW，优先级 0.25
[11:32:24] [INFO] [观察] 工具返回：冷库3需求已记录：安全冷量 18.9 kW，经济冷量 18.9 kW，优先级 0.25
[11:32:27] [INFO] 最终输出：---

## ✅ 冷库3 制冷需求报告（12:15）

| 步骤 | 结果 |
|------|------|
| **① 读取温度** | 当前温度 **-17.77℃**，允许范围 [-20, -15]℃ |
| **② 预测扰动** | 未来15分钟热扰动：**20.0 kW**（活动低、无进出货） |
| **③ 计算冷量** | 安全冷量 **18.9 kW**，经济冷量 **18.9 kW** |
| **④ 提交标书** | ✅ 已提交，优先级 **0.25** |

**优先级说明**：温度 -17.77℃ 偏向下限 -20℃，距上限较远，无需额外降温，因此优先级设为 **0.25**（偏低）。
[11:32:27] [INFO] ========================================
CSA-3 结束任务
========================================
[11:32:27] [INFO] 
========================================
CSA-4 开始任务
========================================
[11:32:27] [INFO] 任务内容：当前时间 12:15，活动程度 low，进出货次数 0。请依次调用 read_room_sensor, predict_disturbance_load, calculate_cooling_demand, submit_cooling_demand。每一步都必须真实调用工具，不要跳过任何工具。
[11:32:28] [INFO] [思考] 调用工具：read_room_sensor
[11:32:28] [INFO] [行动] 工具参数：{"room_id": 4}
[11:32:28] [INFO] [工具:read_room_sensor] 调用，参数 room_id=4
[11:32:28] [INFO] [工具:read_room_sensor] 返回：冷库4：当前温度 -17.98℃，允许范围 [-20,-15]℃
[11:32:28] [INFO] [观察] 工具返回：冷库4：当前温度 -17.98℃，允许范围 [-20,-15]℃
[11:32:30] [INFO] [思考] 调用工具：predict_disturbance_load
[11:32:30] [INFO] [行动] 工具参数：{"room_id": 4, "timestamp": "12:15", "door_openings": 0, "activity": "low"}
[11:32:30] [INFO] [工具:predict_disturbance_load] 调用，room=4, ts=12:15, doors=0, activity=low
[11:32:30] [INFO] [工具:predict_disturbance_load] 扰动预测结果：20.0 kW
[11:32:30] [INFO] [观察] 工具返回：扰动预测结果：20.0 kW
[11:32:31] [INFO] [思考] 调用工具：calculate_cooling_demand
[11:32:31] [INFO] [行动] 工具参数：{"room_id": 4, "disturbance_pred": 20}
[11:32:31] [INFO] [工具:calculate_cooling_demand] 调用，room=4, disturbance=20.0
[11:32:31] [INFO] [工具:calculate_cooling_demand] 安全冷量 14.4 kW，经济冷量 14.4 kW
[11:32:31] [INFO] [观察] 工具返回：安全冷量 14.4 kW，经济冷量 14.4 kW
[11:32:35] [INFO] [思考] 调用工具：submit_cooling_demand
[11:32:35] [INFO] [行动] 工具参数：{"room_id": 4, "Q_safe": 14.4, "Q_eco": 14.4, "priority": 0.3, "reasoning": "当前温度-17.98℃，处于允许范围[-20,-15]℃的中偏下区域，接近下限。活动程度低、无进出货，扰动预测20.0kW较小。安全冷量与经济冷量均为14.4kW。由于温度偏冷，制冷需求不紧迫，优先级设为0.3。"}
[11:32:35] [INFO] [工具:submit_cooling_demand] 调用，room=4, Q_safe=14.4, Q_eco=14.4, priority=0.3, reason=当前温度-17.98℃，处于允许范围[-20,-15]℃的中偏下区域，接近下限。活动程度低、无进出货，扰动预测20.0kW较小。安全冷量与经济冷量均为14.4kW。由于温度偏冷，制冷需求不紧迫，优先级设为0.3。
[11:32:35] [INFO] [工具:submit_cooling_demand] 冷库4需求已记录：安全冷量 14.4 kW，经济冷量 14.4 kW，优先级 0.30
[11:32:35] [INFO] [观察] 工具返回：冷库4需求已记录：安全冷量 14.4 kW，经济冷量 14.4 kW，优先级 0.30
[11:32:38] [INFO] 最终输出：---

## ✅ 冷库4 制冷需求标书（12:15）

| 项目 | 数值 |
|------|------|
| **当前温度** | **-17.98℃** |
| **允许范围** | [-20, -15]℃ |
| **活动程度** | low |
| **进出货次数** | 0 |
| **扰动预测** | 20.0 kW |
| **安全冷量 (Q_safe)** | **14.4 kW** |
| **经济冷量 (Q_eco)** | **14.4 kW** |
| **优先级** | **0.30** |

**说明：** 温度-17.98℃处于允许范围中偏下位置，接近下限，制冷需求不紧迫，因此优先级设为0.30（偏低）。安全冷量与经济冷量一致，均为14.4 kW。
[11:32:38] [INFO] ========================================
CSA-4 结束任务
========================================
[11:32:38] [INFO] --- 压缩机调度 ---
[11:32:38] [INFO] 
========================================
CCA 开始任务
========================================
[11:32:38] [INFO] 任务内容：请读取压缩机状态，并根据当前所有冷库需求求解最优调度方案并下发。
[11:32:38] [INFO] [思考] 调用工具：read_compressor_status
[11:32:38] [INFO] [行动] 工具参数：{}
[11:32:38] [INFO] [工具:read_compressor_status] 调用
[11:32:38] [INFO] [工具:read_compressor_status] 返回：压缩机0：停机，负荷率0.00，累计运行343.0h；压缩机1：停机，负荷率0.00，累计运行357.0h；压缩机2：停机，负荷率0.00，累计运行321.0h；压缩机3：停机，负荷率0.00，累计运行336.0h；压缩机4：停机，负荷率0.00，累计运行349.0h；压缩机5：停机，负荷率0.00，累计运行361.0h；压缩机6：停机，负荷率0.00，累计运行331.0h；压缩机7：停机，负荷率0.00，累计运行329.0h
[11:32:38] [INFO] [观察] 工具返回：压缩机0：停机，负荷率0.00，累计运行343.0h；压缩机1：停机，负荷率0.00，累计运行357.0h；压缩机2：停机，负荷率0.00，累计运行321.0h；压缩机3：停机，负荷率0.00，累计运行336.0h；压缩机4：停机，负荷率0.00，累计运行349.0h；压缩机5：停机，负荷率0.00，累计运行361.0h；压缩机6：停机，负荷率0.00，累计运行331.0h；压缩机7：停机，负荷率0.00，累计运行329.0h
[11:32:40] [INFO] [思考] 调用工具：solve_optimal_schedule
[11:32:40] [INFO] [行动] 工具参数：{"alpha": 0.7, "beta": 0.3}
[11:32:40] [INFO] [工具:solve_optimal_schedule] 调用，alpha=0.7, beta=0.3
[11:32:40] [INFO] [工具:solve_optimal_schedule] 总安全需求=91.6 kW，总容量=800.0 kW
[11:32:40] [INFO] [工具:solve_optimal_schedule] 正常调度结果：[{"id": 2, "running": true, "load": 0.94}, {"id": 7, "running": false, "load": 0.0}, {"id": 6, "running": false, "load": 0.0}, {"id": 3, "running": false, "load": 0.0}, {"id": 0, "running": false, "load": 0.0}, {"id": 4, "running": false, "load": 0.0}, {"id": 1, "running": false, "load": 0.0}, {"id": 5, "running": false, "load": 0.0}]
[11:32:40] [INFO] [观察] 工具返回：[{"id": 2, "running": true, "load": 0.94}, {"id": 7, "running": false, "load": 0.0}, {"id": 6, "running": false, "load": 0.0}, {"id": 3, "running": false, "load": 0.0}, {"id": 0, "running": false, "load": 0.0}, {"id": 4, "running": false, "load": 0.0}, {"id": 1, "running": false, "load": 0.0}, {"id": 5, "running": false, "load": 0.0}]
[11:32:43] [INFO] [思考] 调用工具：set_compressor_schedule
[11:32:43] [INFO] [行动] 工具参数：{"schedule_json": "[{\"id\": 2, \"running\": true, \"load\": 0.94}, {\"id\": 0, \"running\": false, \"load\": 0.0}, {\"id\": 1, \"running\": false, \"load\": 0.0}, {\"id\": 3, \"running\": false, \"load\": 0.0}, {\"id\": 4, \"running\": false, \"load\": 0.0}, {\"id\": 5, \"running\": false, \"load\": 0.0}, {\"id\": 6, \"running\": false, \"load\": 0.0}, {\"id\": 7, \"running\": false, \"load\": 0.0}]"}
[11:32:43] [INFO] [工具:set_compressor_schedule] 调用，原始输入长度=336
[11:32:43] [INFO] [工具:set_compressor_schedule] 压缩机2 状态变更：运行 False->True，负荷 0.00->0.94
[11:32:43] [INFO] [工具:set_compressor_schedule] 压缩机0 状态变更：运行 False->False，负荷 0.00->0.00
[11:32:43] [INFO] [工具:set_compressor_schedule] 压缩机1 状态变更：运行 False->False，负荷 0.00->0.00
[11:32:43] [INFO] [工具:set_compressor_schedule] 压缩机3 状态变更：运行 False->False，负荷 0.00->0.00
[11:32:43] [INFO] [工具:set_compressor_schedule] 压缩机4 状态变更：运行 False->False，负荷 0.00->0.00
[11:32:43] [INFO] [工具:set_compressor_schedule] 压缩机5 状态变更：运行 False->False，负荷 0.00->0.00
[11:32:43] [INFO] [工具:set_compressor_schedule] 压缩机6 状态变更：运行 False->False，负荷 0.00->0.00
[11:32:43] [INFO] [工具:set_compressor_schedule] 压缩机7 状态变更：运行 False->False，负荷 0.00->0.00
[11:32:43] [INFO] [工具:set_compressor_schedule] 调度指令已全部执行
[11:32:43] [INFO] [观察] 工具返回：调度指令已下发
[11:32:46] [INFO] 最终输出：## ✅ 调度完成！指令已成功下发

### 调度方案总结

| 压缩机 | 状态 | 负荷率 | 累计运行时长 |
|--------|------|--------|------------|
| **压缩机2** | ✅ **运行** | **94%** | 321.0h（最短） |
| 压缩机0 | 停机 | 0% | 343.0h |
| 压缩机1 | 停机 | 0% | 357.0h |
| 压缩机3 | 停机 | 0% | 336.0h |
| 压缩机4 | 停机 | 0% | 349.0h |
| 压缩机5 | 停机 | 0% | 361.0h |
| 压缩机6 | 停机 | 0% | 331.0h |
| 压缩机7 | 停机 | 0% | 329.0h |

### 决策依据
- **节能优先**：仅启动1台压缩机，其余停机，最大限度降低能耗
- **运行时长均衡**：选择累计运行时长最短的压缩机2（321h），缩小各压缩机之间的时长差距
- **负荷率94%**：接近满载，高效满足冷库制冷需求
[11:32:46] [INFO] ========================================
CCA 结束任务
========================================
[11:32:46] [INFO] --- 物理仿真 ---
[11:32:46] [INFO] 冷库0：需求 27.8 kW，实际制冷 27.7 kW，扰动 20.0 kW，温度 -17.38 -> -17.50℃
[11:32:46] [INFO] 冷库1：需求 21.1 kW，实际制冷 21.0 kW，扰动 20.0 kW，温度 -17.68 -> -17.50℃
[11:32:46] [INFO] 冷库2：需求 12.2 kW，实际制冷 12.1 kW，扰动 20.0 kW，温度 -18.07 -> -17.50℃
[11:32:46] [INFO] 冷库3：需求 18.9 kW，实际制冷 18.8 kW，扰动 20.0 kW，温度 -17.77 -> -17.50℃
[11:32:46] [INFO] 冷库4：需求 14.4 kW，实际制冷 14.3 kW，扰动 20.0 kW，温度 -17.98 -> -17.50℃
[11:32:46] [INFO] --- 评估与反馈 ---
[11:32:46] [INFO] ========== 评估开始 ==========
[11:32:46] [INFO] [评估] 冷库0 温度：-17.50℃，合规：True
[11:32:46] [INFO] [评估] 冷库1 温度：-17.50℃，合规：True
[11:32:46] [INFO] [评估] 冷库2 温度：-17.50℃，合规：True
[11:32:46] [INFO] [评估] 冷库3 温度：-17.50℃，合规：True
[11:32:46] [INFO] [评估] 冷库4 温度：-17.50℃，合规：True
[11:32:46] [INFO] [评估] 总能耗：9.52 kWh
[11:32:46] [INFO] [评估] 运行时长标准差：13.20 h，各压缩机时间：[343, 357, 321, 336, 349, 361, 331, 329]
[11:32:46] [INFO] [评估] 需求满足率：1.03 (实际制冷 94.0 kW / 安全需求 91.6 kW)
[11:32:46] [INFO] ========== 评估结束 ==========
[11:32:46] [INFO] [评估反馈] 上一周期评估结果：温度全部达标；总能耗 9.52 kWh；运行时长标准差 13.20 h；需求满足率 1.03。
[11:32:46] [INFO] [记忆注入] 向 CCA 记忆写入评估反馈
[11:32:46] [INFO] ########## 周期 1 结束 ##########

[11:32:46] [INFO] 周期 1 温度合规：True
